2024-02-07 17:06:00,737-INFO-FILE:_internal.py-FUNC:_log-LINE:187-[31m[1mWARNING: This is a development server. Do not use it in a production deployment. Use a production WSGI server instead.[0m
 * Running on http://127.0.0.1:5000
2024-02-07 17:06:00,738-INFO-FILE:_internal.py-FUNC:_log-LINE:187-[33mPress CTRL+C to quit[0m
2024-02-07 17:06:00,740-INFO-FILE:_internal.py-FUNC:_log-LINE:187- * Restarting with stat
2024-02-07 17:06:02,125-WARNING-FILE:_internal.py-FUNC:_log-LINE:187- * Debugger is active!
2024-02-07 17:06:02,128-INFO-FILE:_internal.py-FUNC:_log-LINE:187- * Debugger PIN: 119-265-232
2024-02-07 18:19:28,062-INFO-FILE:_internal.py-FUNC:_log-LINE:187-[31m[1mWARNING: This is a development server. Do not use it in a production deployment. Use a production WSGI server instead.[0m
 * Running on http://127.0.0.1:5000
2024-02-07 18:19:28,063-INFO-FILE:_internal.py-FUNC:_log-LINE:187-[33mPress CTRL+C to quit[0m
2024-02-07 18:19:28,064-INFO-FILE:_internal.py-FUNC:_log-LINE:187- * Restarting with stat
2024-02-07 18:19:29,535-WARNING-FILE:_internal.py-FUNC:_log-LINE:187- * Debugger is active!
2024-02-07 18:19:29,540-INFO-FILE:_internal.py-FUNC:_log-LINE:187- * Debugger PIN: 119-265-232
2024-02-08 09:15:16,592-WARNING-FILE:core.py-FUNC:serialize_options-LINE:362-Unknown option passed to Flask-CORS: support_credentials
2024-02-08 09:15:16,593-WARNING-FILE:core.py-FUNC:serialize_options-LINE:362-Unknown option passed to Flask-CORS: support_credentials
2024-02-08 09:15:16,610-INFO-FILE:_internal.py-FUNC:_log-LINE:187-[31m[1mWARNING: This is a development server. Do not use it in a production deployment. Use a production WSGI server instead.[0m
 * Running on all addresses (0.0.0.0)
 * Running on http://127.0.0.1:8080
 * Running on http://172.16.0.65:8080
2024-02-08 09:15:16,610-INFO-FILE:_internal.py-FUNC:_log-LINE:187-[33mPress CTRL+C to quit[0m
2024-02-08 09:15:16,612-INFO-FILE:_internal.py-FUNC:_log-LINE:187- * Restarting with stat
2024-02-08 09:15:18,355-WARNING-FILE:core.py-FUNC:serialize_options-LINE:362-Unknown option passed to Flask-CORS: support_credentials
2024-02-08 09:15:18,356-WARNING-FILE:core.py-FUNC:serialize_options-LINE:362-Unknown option passed to Flask-CORS: support_credentials
2024-02-08 09:15:18,360-WARNING-FILE:_internal.py-FUNC:_log-LINE:187- * Debugger is active!
2024-02-08 09:15:18,364-INFO-FILE:_internal.py-FUNC:_log-LINE:187- * Debugger PIN: 119-265-232
2024-02-08 09:16:37,028-INFO-FILE:_internal.py-FUNC:_log-LINE:187- * Detected change in 'C:\\Users\\airad\\OneDrive\\Desktop\\ITC\\Data science course\\Exercises\\Hackathon\\app.py', reloading
2024-02-08 09:16:37,211-INFO-FILE:_internal.py-FUNC:_log-LINE:187- * Restarting with stat
2024-02-08 09:16:39,400-WARNING-FILE:_internal.py-FUNC:_log-LINE:187- * Debugger is active!
2024-02-08 09:16:39,403-INFO-FILE:_internal.py-FUNC:_log-LINE:187- * Debugger PIN: 119-265-232
2024-02-08 09:17:25,193-INFO-FILE:_internal.py-FUNC:_log-LINE:187- * Detected change in 'C:\\Users\\airad\\OneDrive\\Desktop\\ITC\\Data science course\\Exercises\\Hackathon\\app.py', reloading
2024-02-08 09:17:25,368-INFO-FILE:_internal.py-FUNC:_log-LINE:187- * Restarting with stat
2024-02-08 09:17:26,854-WARNING-FILE:_internal.py-FUNC:_log-LINE:187- * Debugger is active!
2024-02-08 09:17:26,857-INFO-FILE:_internal.py-FUNC:_log-LINE:187- * Debugger PIN: 119-265-232
